<?xml version="1.0" encoding="UTF-8"?>
<testsuite name="JUnit Jupiter" tests="26" skipped="0" failures="0" errors="0" time="2.741" hostname="arusso-Satellite-L40" timestamp="2017-12-14T01:23:15">
<properties>
<property name="awt.toolkit" value="sun.awt.X11.XToolkit"/>
<property name="file.encoding" value="UTF-8"/>
<property name="file.encoding.pkg" value="sun.io"/>
<property name="file.separator" value="/"/>
<property name="java.awt.graphicsenv" value="sun.awt.X11GraphicsEnvironment"/>
<property name="java.awt.printerjob" value="sun.print.PSPrinterJob"/>
<property name="java.class.path" value="/home/arusso/git/advent-of-code-2017/aoc01/build/classes/java/test:/home/arusso/git/advent-of-code-2017/aoc01/build/resources/test:/home/arusso/git/advent-of-code-2017/aoc01/build/classes/java/main:/home/arusso/git/advent-of-code-2017/aoc01/build/resources/main:/home/arusso/.gradle/caches/modules-2/files-2.1/org.junit.jupiter/junit-jupiter-engine/5.0.2/e57de973ac81662ec2b9b225df6c882a641fabe6/junit-jupiter-engine-5.0.2.jar:/home/arusso/.gradle/caches/modules-2/files-2.1/org.junit.jupiter/junit-jupiter-params/5.0.2/ccd504f1897e1f8813513efdf994acd644ad3693/junit-jupiter-params-5.0.2.jar:/home/arusso/.gradle/caches/modules-2/files-2.1/org.assertj/assertj-core/3.8.0/b209d90ff2e279bee3e02547ee7b11349c52d0e3/assertj-core-3.8.0.jar:/home/arusso/.gradle/caches/modules-2/files-2.1/org.mockito/mockito-core/2.13.0/8e372943974e4a121fb8617baced8ebfe46d54f0/mockito-core-2.13.0.jar:/home/arusso/.gradle/caches/modules-2/files-2.1/org.junit.platform/junit-platform-engine/1.0.2/ae5d9b8c44d78da636e4e1e00a907fe0fb7bcb8f/junit-platform-engine-1.0.2.jar:/home/arusso/.gradle/caches/modules-2/files-2.1/org.junit.jupiter/junit-jupiter-api/5.0.2/4024737a023e98dc6c9cbbd89fe0dd83975df65/junit-jupiter-api-5.0.2.jar:/home/arusso/.gradle/caches/modules-2/files-2.1/net.bytebuddy/byte-buddy/1.7.9/51218a01a882c04d0aba8c028179cce488bbcb58/byte-buddy-1.7.9.jar:/home/arusso/.gradle/caches/modules-2/files-2.1/net.bytebuddy/byte-buddy-agent/1.7.9/a6c65f9da7f467ee1f02ff2841ffd3155aee2fc9/byte-buddy-agent-1.7.9.jar:/home/arusso/.gradle/caches/modules-2/files-2.1/org.objenesis/objenesis/2.6/639033469776fd37c08358c6b92a4761feb2af4b/objenesis-2.6.jar:/home/arusso/.gradle/caches/modules-2/files-2.1/org.junit.platform/junit-platform-commons/1.0.2/e348a3a67940694f0718d04f9b0784b3dfb7819b/junit-platform-commons-1.0.2.jar:/home/arusso/.gradle/caches/modules-2/files-2.1/org.opentest4j/opentest4j/1.0.0/6f09c598e9ff64bf0ce2fa7e7de49a99ba83c0b4/opentest4j-1.0.0.jar:/home/arusso/.gradle/caches/modules-2/files-2.1/org.junit.platform/junit-platform-console/1.0.2/2bf2cd18040bfe229bad813c7ab150a0f7ea8153/junit-platform-console-1.0.2.jar:/home/arusso/.gradle/caches/modules-2/files-2.1/org.junit.platform/junit-platform-launcher/1.0.2/7cd136827fbfe3e6301b95f0340d654ad54feaa4/junit-platform-launcher-1.0.2.jar"/>
<property name="java.class.version" value="53.0"/>
<property name="java.home" value="/usr/lib/jvm/java-9-oracle"/>
<property name="java.io.tmpdir" value="/tmp"/>
<property name="java.library.path" value="/usr/java/packages/lib:/usr/lib64:/lib64:/lib:/usr/lib"/>
<property name="java.runtime.name" value="Java(TM) SE Runtime Environment"/>
<property name="java.runtime.version" value="9.0.1+11"/>
<property name="java.specification.name" value="Java Platform API Specification"/>
<property name="java.specification.vendor" value="Oracle Corporation"/>
<property name="java.specification.version" value="9"/>
<property name="java.vendor" value="Oracle Corporation"/>
<property name="java.vendor.url" value="http://java.oracle.com/"/>
<property name="java.vendor.url.bug" value="http://bugreport.java.com/bugreport/"/>
<property name="java.version" value="9.0.1"/>
<property name="java.vm.compressedOopsMode" value="32-bit"/>
<property name="java.vm.info" value="mixed mode"/>
<property name="java.vm.name" value="Java HotSpot(TM) 64-Bit Server VM"/>
<property name="java.vm.specification.name" value="Java Virtual Machine Specification"/>
<property name="java.vm.specification.vendor" value="Oracle Corporation"/>
<property name="java.vm.specification.version" value="9"/>
<property name="java.vm.vendor" value="Oracle Corporation"/>
<property name="java.vm.version" value="9.0.1+11"/>
<property name="jdk.debug" value="release"/>
<property name="line.separator" value="
"/>
<property name="os.arch" value="amd64"/>
<property name="os.name" value="Linux"/>
<property name="os.version" value="4.10.0-42-generic"/>
<property name="path.separator" value=":"/>
<property name="sun.arch.data.model" value="64"/>
<property name="sun.boot.library.path" value="/usr/lib/jvm/java-9-oracle/lib"/>
<property name="sun.cpu.endian" value="little"/>
<property name="sun.cpu.isalist" value=""/>
<property name="sun.io.unicode.encoding" value="UnicodeLittle"/>
<property name="sun.java.command" value="org.junit.platform.console.ConsoleLauncher --details NONE --scan-class-path /home/arusso/git/advent-of-code-2017/aoc01/build/classes/java/main:/home/arusso/git/advent-of-code-2017/aoc01/build/resources/main:/home/arusso/git/advent-of-code-2017/aoc01/build/classes/java/test:/home/arusso/git/advent-of-code-2017/aoc01/build/resources/test -n ^.*Tests?$ --reports-dir /home/arusso/git/advent-of-code-2017/aoc01/build/test-results/junit-platform"/>
<property name="sun.java.launcher" value="SUN_STANDARD"/>
<property name="sun.jnu.encoding" value="UTF-8"/>
<property name="sun.management.compiler" value="HotSpot 64-Bit Tiered Compilers"/>
<property name="sun.os.patch.level" value="unknown"/>
<property name="user.country" value="GB"/>
<property name="user.dir" value="/home/arusso/git/advent-of-code-2017/aoc01"/>
<property name="user.home" value="/home/arusso"/>
<property name="user.language" value="en"/>
<property name="user.name" value="arusso"/>
<property name="user.timezone" value="Europe/London"/>
<property name="user.variant" value=""/>
</properties>
<testcase name="captchaForEmptyDigitSequenceShouldBeZero()" classname="net.aoc.InverseCaptchaTest" time="0.271">
<system-out><![CDATA[
unique-id: [engine:junit-jupiter]/[class:net.aoc.InverseCaptchaTest]/[method:captchaForEmptyDigitSequenceShouldBeZero()]
display-name: captchaForEmptyDigitSequenceShouldBeZero()
]]></system-out>
</testcase>
<testcase name="captchaForNullDigitSequenceShouldBeZero()" classname="net.aoc.InverseCaptchaTest" time="0.001">
<system-out><![CDATA[
unique-id: [engine:junit-jupiter]/[class:net.aoc.InverseCaptchaTest]/[method:captchaForNullDigitSequenceShouldBeZero()]
display-name: captchaForNullDigitSequenceShouldBeZero()
]]></system-out>
</testcase>
<testcase name="shouldReturnExpectedCaptchaForGivenDigitSequencesContainingRepeatingDigitSequences(int[], int)" classname="shouldReturnExpectedCaptchaForGivenDigitSequencesContainingRepeatingDigitSequences(int[], int)" time="0.067">
<system-out><![CDATA[
unique-id: [engine:junit-jupiter]/[class:net.aoc.InverseCaptchaTest]/[test-template:shouldReturnExpectedCaptchaForGivenDigitSequencesContainingRepeatingDigitSequences(%5BI, int)]/[test-template-invocation:#1]
display-name: sequence: [1, 1, 2] | expectedSum: 1
]]></system-out>
</testcase>
<testcase name="shouldReturnExpectedCaptchaForGivenDigitSequencesContainingRepeatingDigitSequences(int[], int)" classname="shouldReturnExpectedCaptchaForGivenDigitSequencesContainingRepeatingDigitSequences(int[], int)" time="0.006">
<system-out><![CDATA[
unique-id: [engine:junit-jupiter]/[class:net.aoc.InverseCaptchaTest]/[test-template:shouldReturnExpectedCaptchaForGivenDigitSequencesContainingRepeatingDigitSequences(%5BI, int)]/[test-template-invocation:#2]
display-name: sequence: [2, 2, 3] | expectedSum: 2
]]></system-out>
</testcase>
<testcase name="shouldReturnExpectedCaptchaForGivenDigitSequencesContainingRepeatingDigitSequences(int[], int)" classname="shouldReturnExpectedCaptchaForGivenDigitSequencesContainingRepeatingDigitSequences(int[], int)" time="0.001">
<system-out><![CDATA[
unique-id: [engine:junit-jupiter]/[class:net.aoc.InverseCaptchaTest]/[test-template:shouldReturnExpectedCaptchaForGivenDigitSequencesContainingRepeatingDigitSequences(%5BI, int)]/[test-template-invocation:#3]
display-name: sequence: [1, 1, 2, 2] | expectedSum: 3
]]></system-out>
</testcase>
<testcase name="shouldReturnExpectedCaptchaForGivenDigitSequencesContainingRepeatingDigitSequences(int[], int)" classname="shouldReturnExpectedCaptchaForGivenDigitSequencesContainingRepeatingDigitSequences(int[], int)" time="0.002">
<system-out><![CDATA[
unique-id: [engine:junit-jupiter]/[class:net.aoc.InverseCaptchaTest]/[test-template:shouldReturnExpectedCaptchaForGivenDigitSequencesContainingRepeatingDigitSequences(%5BI, int)]/[test-template-invocation:#4]
display-name: sequence: [1, 1, 1, 2] | expectedSum: 2
]]></system-out>
</testcase>
<testcase name="shouldReturnExpectedCaptchaForGivenDigitSequencesContainingRepeatingDigitSequences(int[], int)" classname="shouldReturnExpectedCaptchaForGivenDigitSequencesContainingRepeatingDigitSequences(int[], int)" time="0.001">
<system-out><![CDATA[
unique-id: [engine:junit-jupiter]/[class:net.aoc.InverseCaptchaTest]/[test-template:shouldReturnExpectedCaptchaForGivenDigitSequencesContainingRepeatingDigitSequences(%5BI, int)]/[test-template-invocation:#5]
display-name: sequence: [1, 1, 1, 1, 2] | expectedSum: 3
]]></system-out>
</testcase>
<testcase name="shouldReturnExpectedCaptchaForGivenDigitSequencesContainingCircularRepeatingDigitSequences(int[], int)" classname="shouldReturnExpectedCaptchaForGivenDigitSequencesContainingCircularRepeatingDigitSequences(int[], int)" time="0.001">
<system-out><![CDATA[
unique-id: [engine:junit-jupiter]/[class:net.aoc.InverseCaptchaTest]/[test-template:shouldReturnExpectedCaptchaForGivenDigitSequencesContainingCircularRepeatingDigitSequences(%5BI, int)]/[test-template-invocation:#1]
display-name: sequence: [1, 1] | expectedSum: 2
]]></system-out>
</testcase>
<testcase name="shouldReturnExpectedCaptchaForGivenDigitSequencesContainingCircularRepeatingDigitSequences(int[], int)" classname="shouldReturnExpectedCaptchaForGivenDigitSequencesContainingCircularRepeatingDigitSequences(int[], int)" time="0.003">
<system-out><![CDATA[
unique-id: [engine:junit-jupiter]/[class:net.aoc.InverseCaptchaTest]/[test-template:shouldReturnExpectedCaptchaForGivenDigitSequencesContainingCircularRepeatingDigitSequences(%5BI, int)]/[test-template-invocation:#2]
display-name: sequence: [2, 2, 2] | expectedSum: 6
]]></system-out>
</testcase>
<testcase name="shouldReturnExpectedCaptchaForGivenDigitSequencesContainingCircularRepeatingDigitSequences(int[], int)" classname="shouldReturnExpectedCaptchaForGivenDigitSequencesContainingCircularRepeatingDigitSequences(int[], int)" time="0.002">
<system-out><![CDATA[
unique-id: [engine:junit-jupiter]/[class:net.aoc.InverseCaptchaTest]/[test-template:shouldReturnExpectedCaptchaForGivenDigitSequencesContainingCircularRepeatingDigitSequences(%5BI, int)]/[test-template-invocation:#3]
display-name: sequence: [9, 1, 2, 9] | expectedSum: 9
]]></system-out>
</testcase>
<testcase name="captchaForNonRepeatingDigitSequenceShouldBeZero(int[])" classname="captchaForNonRepeatingDigitSequenceShouldBeZero(int[])" time="0.001">
<system-out><![CDATA[
unique-id: [engine:junit-jupiter]/[class:net.aoc.InverseCaptchaTest]/[test-template:captchaForNonRepeatingDigitSequenceShouldBeZero(%5BI)]/[test-template-invocation:#1]
display-name: sequence: [1]
]]></system-out>
</testcase>
<testcase name="captchaForNonRepeatingDigitSequenceShouldBeZero(int[])" classname="captchaForNonRepeatingDigitSequenceShouldBeZero(int[])" time="0.001">
<system-out><![CDATA[
unique-id: [engine:junit-jupiter]/[class:net.aoc.InverseCaptchaTest]/[test-template:captchaForNonRepeatingDigitSequenceShouldBeZero(%5BI)]/[test-template-invocation:#2]
display-name: sequence: [2]
]]></system-out>
</testcase>
<testcase name="captchaForNonRepeatingDigitSequenceShouldBeZero(int[])" classname="captchaForNonRepeatingDigitSequenceShouldBeZero(int[])" time="0">
<system-out><![CDATA[
unique-id: [engine:junit-jupiter]/[class:net.aoc.InverseCaptchaTest]/[test-template:captchaForNonRepeatingDigitSequenceShouldBeZero(%5BI)]/[test-template-invocation:#3]
display-name: sequence: [3]
]]></system-out>
</testcase>
<testcase name="captchaForNonRepeatingDigitSequenceShouldBeZero(int[])" classname="captchaForNonRepeatingDigitSequenceShouldBeZero(int[])" time="0.001">
<system-out><![CDATA[
unique-id: [engine:junit-jupiter]/[class:net.aoc.InverseCaptchaTest]/[test-template:captchaForNonRepeatingDigitSequenceShouldBeZero(%5BI)]/[test-template-invocation:#4]
display-name: sequence: [4]
]]></system-out>
</testcase>
<testcase name="captchaForNonRepeatingDigitSequenceShouldBeZero(int[])" classname="captchaForNonRepeatingDigitSequenceShouldBeZero(int[])" time="0.001">
<system-out><![CDATA[
unique-id: [engine:junit-jupiter]/[class:net.aoc.InverseCaptchaTest]/[test-template:captchaForNonRepeatingDigitSequenceShouldBeZero(%5BI)]/[test-template-invocation:#5]
display-name: sequence: [5]
]]></system-out>
</testcase>
<testcase name="captchaForNonRepeatingDigitSequenceShouldBeZero(int[])" classname="captchaForNonRepeatingDigitSequenceShouldBeZero(int[])" time="0">
<system-out><![CDATA[
unique-id: [engine:junit-jupiter]/[class:net.aoc.InverseCaptchaTest]/[test-template:captchaForNonRepeatingDigitSequenceShouldBeZero(%5BI)]/[test-template-invocation:#6]
display-name: sequence: [6]
]]></system-out>
</testcase>
<testcase name="captchaForNonRepeatingDigitSequenceShouldBeZero(int[])" classname="captchaForNonRepeatingDigitSequenceShouldBeZero(int[])" time="0.003">
<system-out><![CDATA[
unique-id: [engine:junit-jupiter]/[class:net.aoc.InverseCaptchaTest]/[test-template:captchaForNonRepeatingDigitSequenceShouldBeZero(%5BI)]/[test-template-invocation:#7]
display-name: sequence: [7]
]]></system-out>
</testcase>
<testcase name="captchaForNonRepeatingDigitSequenceShouldBeZero(int[])" classname="captchaForNonRepeatingDigitSequenceShouldBeZero(int[])" time="0.008">
<system-out><![CDATA[
unique-id: [engine:junit-jupiter]/[class:net.aoc.InverseCaptchaTest]/[test-template:captchaForNonRepeatingDigitSequenceShouldBeZero(%5BI)]/[test-template-invocation:#8]
display-name: sequence: [8]
]]></system-out>
</testcase>
<testcase name="captchaForNonRepeatingDigitSequenceShouldBeZero(int[])" classname="captchaForNonRepeatingDigitSequenceShouldBeZero(int[])" time="0.001">
<system-out><![CDATA[
unique-id: [engine:junit-jupiter]/[class:net.aoc.InverseCaptchaTest]/[test-template:captchaForNonRepeatingDigitSequenceShouldBeZero(%5BI)]/[test-template-invocation:#9]
display-name: sequence: [9]
]]></system-out>
</testcase>
<testcase name="captchaForNonRepeatingDigitSequenceShouldBeZero(int[])" classname="captchaForNonRepeatingDigitSequenceShouldBeZero(int[])" time="0.001">
<system-out><![CDATA[
unique-id: [engine:junit-jupiter]/[class:net.aoc.InverseCaptchaTest]/[test-template:captchaForNonRepeatingDigitSequenceShouldBeZero(%5BI)]/[test-template-invocation:#10]
display-name: sequence: [1, 2]
]]></system-out>
</testcase>
<testcase name="captchaForNonRepeatingDigitSequenceShouldBeZero(int[])" classname="captchaForNonRepeatingDigitSequenceShouldBeZero(int[])" time="0">
<system-out><![CDATA[
unique-id: [engine:junit-jupiter]/[class:net.aoc.InverseCaptchaTest]/[test-template:captchaForNonRepeatingDigitSequenceShouldBeZero(%5BI)]/[test-template-invocation:#11]
display-name: sequence: [1, 2, 3]
]]></system-out>
</testcase>
<testcase name="captchaForNonRepeatingDigitSequenceShouldBeZero(int[])" classname="captchaForNonRepeatingDigitSequenceShouldBeZero(int[])" time="0">
<system-out><![CDATA[
unique-id: [engine:junit-jupiter]/[class:net.aoc.InverseCaptchaTest]/[test-template:captchaForNonRepeatingDigitSequenceShouldBeZero(%5BI)]/[test-template-invocation:#12]
display-name: sequence: [1, 2, 3, 4]
]]></system-out>
</testcase>
<testcase name="shouldOutputInverseCaptchaForGivenDigitSequence(String, int)" classname="shouldOutputInverseCaptchaForGivenDigitSequence(String, int)" time="0.08">
<system-out><![CDATA[
unique-id: [engine:junit-jupiter]/[class:net.aoc.InverseCaptchaMainTest]/[test-template:shouldOutputInverseCaptchaForGivenDigitSequence(java.lang.String, int)]/[test-template-invocation:#1]
display-name: Input digit sequence: null | expected captcha: 0
]]></system-out>
</testcase>
<testcase name="shouldOutputInverseCaptchaForGivenDigitSequence(String, int)" classname="shouldOutputInverseCaptchaForGivenDigitSequence(String, int)" time="0.02">
<system-out><![CDATA[
unique-id: [engine:junit-jupiter]/[class:net.aoc.InverseCaptchaMainTest]/[test-template:shouldOutputInverseCaptchaForGivenDigitSequence(java.lang.String, int)]/[test-template-invocation:#2]
display-name: Input digit sequence:  | expected captcha: 0
]]></system-out>
</testcase>
<testcase name="shouldOutputInverseCaptchaForGivenDigitSequence(String, int)" classname="shouldOutputInverseCaptchaForGivenDigitSequence(String, int)" time="0.049">
<system-out><![CDATA[
unique-id: [engine:junit-jupiter]/[class:net.aoc.InverseCaptchaMainTest]/[test-template:shouldOutputInverseCaptchaForGivenDigitSequence(java.lang.String, int)]/[test-template-invocation:#3]
display-name: Input digit sequence: 1 | expected captcha: 0
]]></system-out>
</testcase>
<testcase name="shouldOutputInverseCaptchaForGivenDigitSequence(String, int)" classname="shouldOutputInverseCaptchaForGivenDigitSequence(String, int)" time="0.006">
<system-out><![CDATA[
unique-id: [engine:junit-jupiter]/[class:net.aoc.InverseCaptchaMainTest]/[test-template:shouldOutputInverseCaptchaForGivenDigitSequence(java.lang.String, int)]/[test-template-invocation:#4]
display-name: Input digit sequence: 1332 | expected captcha: 3
]]></system-out>
</testcase>
<system-out><![CDATA[
unique-id: [engine:junit-jupiter]
display-name: JUnit Jupiter
]]></system-out>
</testsuite>
